#
# There is insufficient memory for the Java Runtime Environment to continue.
# Native memory allocation (malloc) failed to allocate 174656 bytes for Chunk::new
# Possible reasons:
#   The system is out of physical RAM or swap space
#   The process is running with CompressedOops enabled, and the Java Heap may be blocking the growth of the native heap
# Possible solutions:
#   Reduce memory load on the system
#   Increase physical memory or swap space
#   Check if swap backing store is full
#   Decrease Java heap size (-Xmx/-Xms)
#   Decrease number of Java threads
#   Decrease Java thread stack sizes (-Xss)
#   Set larger code cache with -XX:ReservedCodeCacheSize=
#   JVM is running with Unscaled Compressed Oops mode in which the Java heap is
#     placed in the first 4GB address space. The Java Heap base address is the
#     maximum limit for the native heap growth. Please use -XX:HeapBaseMinAddress
#     to set the Java Heap base and to place the Java Heap above 4GB virtual address.
# This output file may be truncated or incomplete.
#
#  Out of Memory Error (arena.cpp:189), pid=14192, tid=16604
#
# JRE version: Java(TM) SE Runtime Environment (17.0.9+11) (build 17.0.9+11-LTS-201)
# Java VM: Java HotSpot(TM) 64-Bit Server VM (17.0.9+11-LTS-201, mixed mode, sharing, tiered, compressed oops, compressed class ptrs, g1 gc, windows-amd64)
# No core dump will be written. Minidumps are not enabled by default on client versions of Windows
#

---------------  S U M M A R Y ------------

Command Line: -Dfile.encoding=UTF-8 -Dstdout.encoding=UTF-8 -Dstderr.encoding=UTF-8 -XX:+ShowCodeDetailsInExceptionMessages spiceJetClass

Host: Intel(R) Core(TM) i5-7200U CPU @ 2.50GHz, 4 cores, 7G,  Windows 10 , 64 bit Build 19041 (10.0.19041.3636)
Time: Thu Jan 11 14:53:57 2024 India Standard Time elapsed time: 0.622800 seconds (0d 0h 0m 0s)

---------------  T H R E A D  ---------------

Current thread (0x0000026f7868b230):  JavaThread "C2 CompilerThread1" daemon [_thread_in_native, id=16604, stack(0x000000cba2800000,0x000000cba2900000)]


Current CompileTask:
C2:    623  563       4       java.io.WinNTFileSystem::normalize (143 bytes)

Stack: [0x000000cba2800000,0x000000cba2900000]
Native frames: (J=compiled Java code, j=interpreted, Vv=VM code, C=native code)
V  [jvm.dll+0x678a4a]
V  [jvm.dll+0x7d9cfd]
V  [jvm.dll+0x7db60e]
V  [jvm.dll+0x7dbc73]
V  [jvm.dll+0x245e1f]
V  [jvm.dll+0xaaafb]
V  [jvm.dll+0xab09c]
V  [jvm.dll+0x2ab7ef]
V  [jvm.dll+0x5812e5]
V  [jvm.dll+0x220c52]
V  [jvm.dll+0x219c3f]
V  [jvm.dll+0x217459]
V  [jvm.dll+0x1a3bc0]
V  [jvm.dll+0x2272de]
V  [jvm.dll+0x22548b]
V  [jvm.dll+0x78f58c]
V  [jvm.dll+0x78998a]
V  [jvm.dll+0x677875]
C  [ucrtbase.dll+0x21bb2]
C  [KERNEL32.DLL+0x17344]
C  [ntdll.dll+0x526b1]


---------------  P R O C E S S  ---------------

Threads class SMR info:
_java_thread_list=0x0000026f78449e00, length=13, elements={
0x0000026f5485b110, 0x0000026f73bf71c0, 0x0000026f73bfa640, 0x0000026f73c096e0,
0x0000026f73c0b760, 0x0000026f73c0c030, 0x0000026f73c105a0, 0x0000026f73c11250,
0x0000026f73c71620, 0x0000026f73c8c2c0, 0x0000026f780a7740, 0x0000026f780c1450,
0x0000026f7868b230
}

Java Threads: ( => current thread )
  0x0000026f5485b110 JavaThread "main" [_thread_in_Java, id=13972, stack(0x000000cba1500000,0x000000cba1600000)]
  0x0000026f73bf71c0 JavaThread "Reference Handler" daemon [_thread_blocked, id=8020, stack(0x000000cba1c00000,0x000000cba1d00000)]
  0x0000026f73bfa640 JavaThread "Finalizer" daemon [_thread_blocked, id=3488, stack(0x000000cba1d00000,0x000000cba1e00000)]
  0x0000026f73c096e0 JavaThread "Signal Dispatcher" daemon [_thread_blocked, id=16064, stack(0x000000cba1e00000,0x000000cba1f00000)]
  0x0000026f73c0b760 JavaThread "Attach Listener" daemon [_thread_blocked, id=11996, stack(0x000000cba1f00000,0x000000cba2000000)]
  0x0000026f73c0c030 JavaThread "Service Thread" daemon [_thread_blocked, id=7832, stack(0x000000cba2000000,0x000000cba2100000)]
  0x0000026f73c105a0 JavaThread "Monitor Deflation Thread" daemon [_thread_blocked, id=7468, stack(0x000000cba2100000,0x000000cba2200000)]
  0x0000026f73c11250 JavaThread "C2 CompilerThread0" daemon [_thread_in_native, id=10008, stack(0x000000cba2200000,0x000000cba2300000)]
  0x0000026f73c71620 JavaThread "C1 CompilerThread0" daemon [_thread_in_native, id=5476, stack(0x000000cba2300000,0x000000cba2400000)]
  0x0000026f73c8c2c0 JavaThread "Sweeper thread" daemon [_thread_blocked, id=18528, stack(0x000000cba2400000,0x000000cba2500000)]
  0x0000026f780a7740 JavaThread "Notification Thread" daemon [_thread_blocked, id=1208, stack(0x000000cba2500000,0x000000cba2600000)]
  0x0000026f780c1450 JavaThread "Common-Cleaner" daemon [_thread_blocked, id=2740, stack(0x000000cba2700000,0x000000cba2800000)]
=>0x0000026f7868b230 JavaThread "C2 CompilerThread1" daemon [_thread_in_native, id=16604, stack(0x000000cba2800000,0x000000cba2900000)]

Other Threads:
  0x0000026f73bf0730 VMThread "VM Thread" [stack: 0x000000cba1b00000,0x000000cba1c00000] [id=22460]
  0x0000026f780ae450 WatcherThread [stack: 0x000000cba2600000,0x000000cba2700000] [id=16528]
  0x0000026f548b3360 GCTaskThread "GC Thread#0" [stack: 0x000000cba1600000,0x000000cba1700000] [id=18868]
  0x0000026f7860aca0 GCTaskThread "GC Thread#1" [stack: 0x000000cba2900000,0x000000cba2a00000] [id=12180]
  0x0000026f78735100 GCTaskThread "GC Thread#2" [stack: 0x000000cba2a00000,0x000000cba2b00000] [id=13316]
  0x0000026f548c4cf0 ConcurrentGCThread "G1 Main Marker" [stack: 0x000000cba1700000,0x000000cba1800000] [id=3200]
  0x0000026f548c5610 ConcurrentGCThread "G1 Conc#0" [stack: 0x000000cba1800000,0x000000cba1900000] [id=5800]
  0x0000026f73ab0490 ConcurrentGCThread "G1 Refine#0" [stack: 0x000000cba1900000,0x000000cba1a00000] [id=8740]
  0x0000026f5491de50 ConcurrentGCThread "G1 Service" [stack: 0x000000cba1a00000,0x000000cba1b00000] [id=11860]

Threads with active compile tasks:
C2 CompilerThread0      667  567       4       java.lang.StringLatin1::replace (198 bytes)
C1 CompilerThread0      667  574       3       java.net.URLStreamHandler::parseURL (1201 bytes)
C2 CompilerThread1      667  563       4       java.io.WinNTFileSystem::normalize (143 bytes)

VM state: not at safepoint (normal execution)

VM Mutex/Monitor currently owned by a thread: None

Heap address: 0x0000000088400000, size: 1916 MB, Compressed Oops mode: 32-bit

CDS archive(s) mapped at: [0x0000026f00000000-0x0000026f00bd0000-0x0000026f00bd0000), size 12386304, SharedBaseAddress: 0x0000026f00000000, ArchiveRelocationMode: 1.
Compressed class space mapped at: 0x0000026f01000000-0x0000026f41000000, reserved size: 1073741824
Narrow klass base: 0x0000026f00000000, Narrow klass shift: 0, Narrow klass range: 0x100000000

GC Precious Log:
 CPUs: 4 total, 4 available
 Memory: 7663M
 Large Page Support: Disabled
 NUMA Support: Disabled
 Compressed Oops: Enabled (32-bit)
 Heap Region Size: 1M
 Heap Min Capacity: 8M
 Heap Initial Capacity: 120M
 Heap Max Capacity: 1916M
 Pre-touch: Disabled
 Parallel Workers: 4
 Concurrent Workers: 1
 Concurrent Refinement Workers: 4
 Periodic GC: Disabled

Heap:
 garbage-first heap   total 122880K, used 10336K [0x0000000088400000, 0x0000000100000000)
  region size 1024K, 4 young (4096K), 2 survivors (2048K)
 Metaspace       used 1871K, committed 1984K, reserved 1114112K
  class space    used 200K, committed 256K, reserved 1048576K

Heap Regions: E=young(eden), S=young(survivor), O=old, HS=humongous(starts), HC=humongous(continues), CS=collection set, F=free, OA=open archive, CA=closed archive, TAMS=top-at-mark-start (previous, next)
|   0|0x0000000088400000, 0x0000000088500000, 0x0000000088500000|100%|HS|  |TAMS 0x0000000088400000, 0x0000000088400000| Complete 
|   1|0x0000000088500000, 0x0000000088500000, 0x0000000088600000|  0%| F|  |TAMS 0x0000000088500000, 0x0000000088500000| Untracked 
|   2|0x0000000088600000, 0x0000000088700000, 0x0000000088700000|100%| O|  |TAMS 0x0000000088600000, 0x0000000088600000| Untracked 
|   3|0x0000000088700000, 0x0000000088800000, 0x0000000088800000|100%| O|  |TAMS 0x0000000088700000, 0x0000000088700000| Untracked 
|   4|0x0000000088800000, 0x0000000088900000, 0x0000000088900000|100%| O|  |TAMS 0x0000000088800000, 0x0000000088800000| Untracked 
|   5|0x0000000088900000, 0x0000000088a00000, 0x0000000088a00000|100%| O|  |TAMS 0x0000000088900000, 0x0000000088900000| Untracked 
|   6|0x0000000088a00000, 0x0000000088b00000, 0x0000000088b00000|100%| O|  |TAMS 0x0000000088a00000, 0x0000000088a00000| Untracked 
|   7|0x0000000088b00000, 0x0000000088c00000, 0x0000000088c00000|100%| O|  |TAMS 0x0000000088b00000, 0x0000000088b00000| Untracked 
|   8|0x0000000088c00000, 0x0000000088c18000, 0x0000000088d00000|  9%| O|  |TAMS 0x0000000088c00000, 0x0000000088c00000| Untracked 
|   9|0x0000000088d00000, 0x0000000088d00000, 0x0000000088e00000|  0%| F|  |TAMS 0x0000000088d00000, 0x0000000088d00000| Untracked 
|  10|0x0000000088e00000, 0x0000000088e00000, 0x0000000088f00000|  0%| F|  |TAMS 0x0000000088e00000, 0x0000000088e00000| Untracked 
|  11|0x0000000088f00000, 0x0000000088f00000, 0x0000000089000000|  0%| F|  |TAMS 0x0000000088f00000, 0x0000000088f00000| Untracked 
|  12|0x0000000089000000, 0x0000000089000000, 0x0000000089100000|  0%| F|  |TAMS 0x0000000089000000, 0x0000000089000000| Untracked 
|  13|0x0000000089100000, 0x0000000089100000, 0x0000000089200000|  0%| F|  |TAMS 0x0000000089100000, 0x0000000089100000| Untracked 
|  14|0x0000000089200000, 0x0000000089200000, 0x0000000089300000|  0%| F|  |TAMS 0x0000000089200000, 0x0000000089200000| Untracked 
|  15|0x0000000089300000, 0x0000000089300000, 0x0000000089400000|  0%| F|  |TAMS 0x0000000089300000, 0x0000000089300000| Untracked 
|  16|0x0000000089400000, 0x0000000089400000, 0x0000000089500000|  0%| F|  |TAMS 0x0000000089400000, 0x0000000089400000| Untracked 
|  17|0x0000000089500000, 0x0000000089500000, 0x0000000089600000|  0%| F|  |TAMS 0x0000000089500000, 0x0000000089500000| Untracked 
|  18|0x0000000089600000, 0x0000000089600000, 0x0000000089700000|  0%| F|  |TAMS 0x0000000089600000, 0x0000000089600000| Untracked 
|  19|0x0000000089700000, 0x0000000089700000, 0x0000000089800000|  0%| F|  |TAMS 0x0000000089700000, 0x0000000089700000| Untracked 
|  20|0x0000000089800000, 0x0000000089800000, 0x0000000089900000|  0%| F|  |TAMS 0x0000000089800000, 0x0000000089800000| Untracked 
|  21|0x0000000089900000, 0x0000000089900000, 0x0000000089a00000|  0%| F|  |TAMS 0x0000000089900000, 0x0000000089900000| Untracked 
|  22|0x0000000089a00000, 0x0000000089a00000, 0x0000000089b00000|  0%| F|  |TAMS 0x0000000089a00000, 0x0000000089a00000| Untracked 
|  23|0x0000000089b00000, 0x0000000089b00000, 0x0000000089c00000|  0%| F|  |TAMS 0x0000000089b00000, 0x0000000089b00000| Untracked 
|  24|0x0000000089c00000, 0x0000000089c00000, 0x0000000089d00000|  0%| F|  |TAMS 0x0000000089c00000, 0x0000000089c00000| Untracked 
|  25|0x0000000089d00000, 0x0000000089d00000, 0x0000000089e00000|  0%| F|  |TAMS 0x0000000089d00000, 0x0000000089d00000| Untracked 
|  26|0x0000000089e00000, 0x0000000089e00000, 0x0000000089f00000|  0%| F|  |TAMS 0x0000000089e00000, 0x0000000089e00000| Untracked 
|  27|0x0000000089f00000, 0x0000000089f00000, 0x000000008a000000|  0%| F|  |TAMS 0x0000000089f00000, 0x0000000089f00000| Untracked 
|  28|0x000000008a000000, 0x000000008a000000, 0x000000008a100000|  0%| F|  |TAMS 0x000000008a000000, 0x000000008a000000| Untracked 
|  29|0x000000008a100000, 0x000000008a100000, 0x000000008a200000|  0%| F|  |TAMS 0x000000008a100000, 0x000000008a100000| Untracked 
|  30|0x000000008a200000, 0x000000008a200000, 0x000000008a300000|  0%| F|  |TAMS 0x000000008a200000, 0x000000008a200000| Untracked 
|  31|0x000000008a300000, 0x000000008a300000, 0x000000008a400000|  0%| F|  |TAMS 0x000000008a300000, 0x000000008a300000| Untracked 
|  32|0x000000008a400000, 0x000000008a400000, 0x000000008a500000|  0%| F|  |TAMS 0x000000008a400000, 0x000000008a400000| Untracked 
|  33|0x000000008a500000, 0x000000008a500000, 0x000000008a600000|  0%| F|  |TAMS 0x000000008a500000, 0x000000008a500000| Untracked 
|  34|0x000000008a600000, 0x000000008a600000, 0x000000008a700000|  0%| F|  |TAMS 0x000000008a600000, 0x000000008a600000| Untracked 
|  35|0x000000008a700000, 0x000000008a700000, 0x000000008a800000|  0%| F|  |TAMS 0x000000008a700000, 0x000000008a700000| Untracked 
|  36|0x000000008a800000, 0x000000008a800000, 0x000000008a900000|  0%| F|  |TAMS 0x000000008a800000, 0x000000008a800000| Untracked 
|  37|0x000000008a900000, 0x000000008a900000, 0x000000008aa00000|  0%| F|  |TAMS 0x000000008a900000, 0x000000008a900000| Untracked 
|  38|0x000000008aa00000, 0x000000008aa00000, 0x000000008ab00000|  0%| F|  |TAMS 0x000000008aa00000, 0x000000008aa00000| Untracked 
|  39|0x000000008ab00000, 0x000000008ab00000, 0x000000008ac00000|  0%| F|  |TAMS 0x000000008ab00000, 0x000000008ab00000| Untracked 
|  40|0x000000008ac00000, 0x000000008ac00000, 0x000000008ad00000|  0%| F|  |TAMS 0x000000008ac00000, 0x000000008ac00000| Untracked 
|  41|0x000000008ad00000, 0x000000008ad00000, 0x000000008ae00000|  0%| F|  |TAMS 0x000000008ad00000, 0x000000008ad00000| Untracked 
|  42|0x000000008ae00000, 0x000000008ae00000, 0x000000008af00000|  0%| F|  |TAMS 0x000000008ae00000, 0x000000008ae00000| Untracked 
|  43|0x000000008af00000, 0x000000008af00000, 0x000000008b000000|  0%| F|  |TAMS 0x000000008af00000, 0x000000008af00000| Untracked 
|  44|0x000000008b000000, 0x000000008b000000, 0x000000008b100000|  0%| F|  |TAMS 0x000000008b000000, 0x000000008b000000| Untracked 
|  45|0x000000008b100000, 0x000000008b100000, 0x000000008b200000|  0%| F|  |TAMS 0x000000008b100000, 0x000000008b100000| Untracked 
|  46|0x000000008b200000, 0x000000008b200000, 0x000000008b300000|  0%| F|  |TAMS 0x000000008b200000, 0x000000008b200000| Untracked 
|  47|0x000000008b300000, 0x000000008b300000, 0x000000008b400000|  0%| F|  |TAMS 0x000000008b300000, 0x000000008b300000| Untracked 
|  48|0x000000008b400000, 0x000000008b400000, 0x000000008b500000|  0%| F|  |TAMS 0x000000008b400000, 0x000000008b400000| Untracked 
|  49|0x000000008b500000, 0x000000008b500000, 0x000000008b600000|  0%| F|  |TAMS 0x000000008b500000, 0x000000008b500000| Untracked 
|  50|0x000000008b600000, 0x000000008b600000, 0x000000008b700000|  0%| F|  |TAMS 0x000000008b600000, 0x000000008b600000| Untracked 
|  51|0x000000008b700000, 0x000000008b700000, 0x000000008b800000|  0%| F|  |TAMS 0x000000008b700000, 0x000000008b700000| Untracked 
|  52|0x000000008b800000, 0x000000008b800000, 0x000000008b900000|  0%| F|  |TAMS 0x000000008b800000, 0x000000008b800000| Untracked 
|  53|0x000000008b900000, 0x000000008b900000, 0x000000008ba00000|  0%| F|  |TAMS 0x000000008b900000, 0x000000008b900000| Untracked 
|  54|0x000000008ba00000, 0x000000008ba00000, 0x000000008bb00000|  0%| F|  |TAMS 0x000000008ba00000, 0x000000008ba00000| Untracked 
|  55|0x000000008bb00000, 0x000000008bb00000, 0x000000008bc00000|  0%| F|  |TAMS 0x000000008bb00000, 0x000000008bb00000| Untracked 
|  56|0x000000008bc00000, 0x000000008bc00000, 0x000000008bd00000|  0%| F|  |TAMS 0x000000008bc00000, 0x000000008bc00000| Untracked 
|  57|0x000000008bd00000, 0x000000008bd00000, 0x000000008be00000|  0%| F|  |TAMS 0x000000008bd00000, 0x000000008bd00000| Untracked 
|  58|0x000000008be00000, 0x000000008be00000, 0x000000008bf00000|  0%| F|  |TAMS 0x000000008be00000, 0x000000008be00000| Untracked 
|  59|0x000000008bf00000, 0x000000008bf00000, 0x000000008c000000|  0%| F|  |TAMS 0x000000008bf00000, 0x000000008bf00000| Untracked 
|  60|0x000000008c000000, 0x000000008c000000, 0x000000008c100000|  0%| F|  |TAMS 0x000000008c000000, 0x000000008c000000| Untracked 
|  61|0x000000008c100000, 0x000000008c100000, 0x000000008c200000|  0%| F|  |TAMS 0x000000008c100000, 0x000000008c100000| Untracked 
|  62|0x000000008c200000, 0x000000008c200000, 0x000000008c300000|  0%| F|  |TAMS 0x000000008c200000, 0x000000008c200000| Untracked 
|  63|0x000000008c300000, 0x000000008c300000, 0x000000008c400000|  0%| F|  |TAMS 0x000000008c300000, 0x000000008c300000| Untracked 
|  64|0x000000008c400000, 0x000000008c400000, 0x000000008c500000|  0%| F|  |TAMS 0x000000008c400000, 0x000000008c400000| Untracked 
|  65|0x000000008c500000, 0x000000008c500000, 0x000000008c600000|  0%| F|  |TAMS 0x000000008c500000, 0x000000008c500000| Untracked 
|  66|0x000000008c600000, 0x000000008c600000, 0x000000008c700000|  0%| F|  |TAMS 0x000000008c600000, 0x000000008c600000| Untracked 
|  67|0x000000008c700000, 0x000000008c700000, 0x000000008c800000|  0%| F|  |TAMS 0x000000008c700000, 0x000000008c700000| Untracked 
|  68|0x000000008c800000, 0x000000008c800000, 0x000000008c900000|  0%| F|  |TAMS 0x000000008c800000, 0x000000008c800000| Untracked 
|  69|0x000000008c900000, 0x000000008c900000, 0x000000008ca00000|  0%| F|  |TAMS 0x000000008c900000, 0x000000008c900000| Untracked 
|  70|0x000000008ca00000, 0x000000008ca00000, 0x000000008cb00000|  0%| F|  |TAMS 0x000000008ca00000, 0x000000008ca00000| Untracked 
|  71|0x000000008cb00000, 0x000000008cb00000, 0x000000008cc00000|  0%| F|  |TAMS 0x000000008cb00000, 0x000000008cb00000| Untracked 
|  72|0x000000008cc00000, 0x000000008cc00000, 0x000000008cd00000|  0%| F|  |TAMS 0x000000008cc00000, 0x000000008cc00000| Untracked 
|  73|0x000000008cd00000, 0x000000008cd00000, 0x000000008ce00000|  0%| F|  |TAMS 0x000000008cd00000, 0x000000008cd00000| Untracked 
|  74|0x000000008ce00000, 0x000000008ce00000, 0x000000008cf00000|  0%| F|  |TAMS 0x000000008ce00000, 0x000000008ce00000| Untracked 
|  75|0x000000008cf00000, 0x000000008cf00000, 0x000000008d000000|  0%| F|  |TAMS 0x000000008cf00000, 0x000000008cf00000| Untracked 
|  76|0x000000008d000000, 0x000000008d000000, 0x000000008d100000|  0%| F|  |TAMS 0x000000008d000000, 0x000000008d000000| Untracked 
|  77|0x000000008d100000, 0x000000008d100000, 0x000000008d200000|  0%| F|  |TAMS 0x000000008d100000, 0x000000008d100000| Untracked 
|  78|0x000000008d200000, 0x000000008d200000, 0x000000008d300000|  0%| F|  |TAMS 0x000000008d200000, 0x000000008d200000| Untracked 
|  79|0x000000008d300000, 0x000000008d300000, 0x000000008d400000|  0%| F|  |TAMS 0x000000008d300000, 0x000000008d300000| Untracked 
|  80|0x000000008d400000, 0x000000008d400000, 0x000000008d500000|  0%| F|  |TAMS 0x000000008d400000, 0x000000008d400000| Untracked 
|  81|0x000000008d500000, 0x000000008d500000, 0x000000008d600000|  0%| F|  |TAMS 0x000000008d500000, 0x000000008d500000| Untracked 
|  82|0x000000008d600000, 0x000000008d600000, 0x000000008d700000|  0%| F|  |TAMS 0x000000008d600000, 0x000000008d600000| Untracked 
|  83|0x000000008d700000, 0x000000008d700000, 0x000000008d800000|  0%| F|  |TAMS 0x000000008d700000, 0x000000008d700000| Untracked 
|  84|0x000000008d800000, 0x000000008d800000, 0x000000008d900000|  0%| F|  |TAMS 0x000000008d800000, 0x000000008d800000| Untracked 
|  85|0x000000008d900000, 0x000000008d900000, 0x000000008da00000|  0%| F|  |TAMS 0x000000008d900000, 0x000000008d900000| Untracked 
|  86|0x000000008da00000, 0x000000008da00000, 0x000000008db00000|  0%| F|  |TAMS 0x000000008da00000, 0x000000008da00000| Untracked 
|  87|0x000000008db00000, 0x000000008db00000, 0x000000008dc00000|  0%| F|  |TAMS 0x000000008db00000, 0x000000008db00000| Untracked 
|  88|0x000000008dc00000, 0x000000008dc00000, 0x000000008dd00000|  0%| F|  |TAMS 0x000000008dc00000, 0x000000008dc00000| Untracked 
|  89|0x000000008dd00000, 0x000000008dd00000, 0x000000008de00000|  0%| F|  |TAMS 0x000000008dd00000, 0x000000008dd00000| Untracked 
|  90|0x000000008de00000, 0x000000008de00000, 0x000000008df00000|  0%| F|  |TAMS 0x000000008de00000, 0x000000008de00000| Untracked 
|  91|0x000000008df00000, 0x000000008df00000, 0x000000008e000000|  0%| F|  |TAMS 0x000000008df00000, 0x000000008df00000| Untracked 
|  92|0x000000008e000000, 0x000000008e000000, 0x000000008e100000|  0%| F|  |TAMS 0x000000008e000000, 0x000000008e000000| Untracked 
|  93|0x000000008e100000, 0x000000008e100000, 0x000000008e200000|  0%| F|  |TAMS 0x000000008e100000, 0x000000008e100000| Untracked 
|  94|0x000000008e200000, 0x000000008e200000, 0x000000008e300000|  0%| F|  |TAMS 0x000000008e200000, 0x000000008e200000| Untracked 
|  95|0x000000008e300000, 0x000000008e300000, 0x000000008e400000|  0%| F|  |TAMS 0x000000008e300000, 0x000000008e300000| Untracked 
|  96|0x000000008e400000, 0x000000008e400000, 0x000000008e500000|  0%| F|  |TAMS 0x000000008e400000, 0x000000008e400000| Untracked 
|  97|0x000000008e500000, 0x000000008e500000, 0x000000008e600000|  0%| F|  |TAMS 0x000000008e500000, 0x000000008e500000| Untracked 
|  98|0x000000008e600000, 0x000000008e600000, 0x000000008e700000|  0%| F|  |TAMS 0x000000008e600000, 0x000000008e600000| Untracked 
|  99|0x000000008e700000, 0x000000008e700000, 0x000000008e800000|  0%| F|  |TAMS 0x000000008e700000, 0x000000008e700000| Untracked 
| 100|0x000000008e800000, 0x000000008e800000, 0x000000008e900000|  0%| F|  |TAMS 0x000000008e800000, 0x000000008e800000| Untracked 
| 101|0x000000008e900000, 0x000000008e900000, 0x000000008ea00000|  0%| F|  |TAMS 0x000000008e900000, 0x000000008e900000| Untracked 
| 102|0x000000008ea00000, 0x000000008ea00000, 0x000000008eb00000|  0%| F|  |TAMS 0x000000008ea00000, 0x000000008ea00000| Untracked 
| 103|0x000000008eb00000, 0x000000008eb00000, 0x000000008ec00000|  0%| F|  |TAMS 0x000000008eb00000, 0x000000008eb00000| Untracked 
| 104|0x000000008ec00000, 0x000000008ec00000, 0x000000008ed00000|  0%| F|  |TAMS 0x000000008ec00000, 0x000000008ec00000| Untracked 
| 105|0x000000008ed00000, 0x000000008ee00000, 0x000000008ee00000|100%| S|CS|TAMS 0x000000008ed00000, 0x000000008ed00000| Complete 
| 106|0x000000008ee00000, 0x000000008ef00000, 0x000000008ef00000|100%| S|CS|TAMS 0x000000008ee00000, 0x000000008ee00000| Complete 
| 107|0x000000008ef00000, 0x000000008ef00000, 0x000000008f000000|  0%| F|  |TAMS 0x000000008ef00000, 0x000000008ef00000| Untracked 
| 108|0x000000008f000000, 0x000000008f000000, 0x000000008f100000|  0%| F|  |TAMS 0x000000008f000000, 0x000000008f000000| Untracked 
| 109|0x000000008f100000, 0x000000008f100000, 0x000000008f200000|  0%| F|  |TAMS 0x000000008f100000, 0x000000008f100000| Untracked 
| 110|0x000000008f200000, 0x000000008f200000, 0x000000008f300000|  0%| F|  |TAMS 0x000000008f200000, 0x000000008f200000| Untracked 
| 111|0x000000008f300000, 0x000000008f300000, 0x000000008f400000|  0%| F|  |TAMS 0x000000008f300000, 0x000000008f300000| Untracked 
| 112|0x000000008f400000, 0x000000008f400000, 0x000000008f500000|  0%| F|  |TAMS 0x000000008f400000, 0x000000008f400000| Untracked 
| 113|0x000000008f500000, 0x000000008f500000, 0x000000008f600000|  0%| F|  |TAMS 0x000000008f500000, 0x000000008f500000| Untracked 
| 114|0x000000008f600000, 0x000000008f600000, 0x000000008f700000|  0%| F|  |TAMS 0x000000008f600000, 0x000000008f600000| Untracked 
| 115|0x000000008f700000, 0x000000008f700000, 0x000000008f800000|  0%| F|  |TAMS 0x000000008f700000, 0x000000008f700000| Untracked 
| 116|0x000000008f800000, 0x000000008f800000, 0x000000008f900000|  0%| F|  |TAMS 0x000000008f800000, 0x000000008f800000| Untracked 
| 117|0x000000008f900000, 0x000000008f900000, 0x000000008fa00000|  0%| F|  |TAMS 0x000000008f900000, 0x000000008f900000| Untracked 
| 118|0x000000008fa00000, 0x000000008face108, 0x000000008fb00000| 80%| E|  |TAMS 0x000000008fa00000, 0x000000008fa00000| Complete 
| 119|0x000000008fb00000, 0x000000008fc00000, 0x000000008fc00000|100%| E|CS|TAMS 0x000000008fb00000, 0x000000008fb00000| Complete 

Card table byte_map: [0x0000026f6d2b0000,0x0000026f6d670000] _byte_map_base: 0x0000026f6ce6e000

Marking Bits (Prev, Next): (CMBitMap*) 0x0000026f548b4ca0, (CMBitMap*) 0x0000026f548b4ce0
 Prev Bits: [0x0000026f6da30000, 0x0000026f6f820000)
 Next Bits: [0x0000026f6f820000, 0x0000026f71610000)

Polling page: 0x0000026f54920000

Metaspace:

Usage:
  Non-class:      1.66 MB used.
      Class:    203.16 KB used.
       Both:      1.86 MB used.

Virtual space:
  Non-class space:       64.00 MB reserved,       1.75 MB (  3%) committed,  1 nodes.
      Class space:        1.00 GB reserved,     256.00 KB ( <1%) committed,  1 nodes.
             Both:        1.06 GB reserved,       2.00 MB ( <1%) committed. 

Chunk freelists:
   Non-Class:  11.49 MB
       Class:  15.64 MB
        Both:  27.12 MB

MaxMetaspaceSize: unlimited
CompressedClassSpaceSize: 1.00 GB
Initial GC threshold: 21.00 MB
Current GC threshold: 21.00 MB
CDS: on
MetaspaceReclaimPolicy: balanced
 - commit_granule_bytes: 65536.
 - commit_granule_words: 8192.
 - virtual_space_node_default_size: 8388608.
 - enlarge_chunks_in_place: 1.
 - new_chunks_are_fully_committed: 0.
 - uncommit_free_chunks: 1.
 - use_allocation_guard: 0.
 - handle_deallocations: 1.


Internal statistics:

num_allocs_failed_limit: 0.
num_arena_births: 24.
num_arena_deaths: 0.
num_vsnodes_births: 2.
num_vsnodes_deaths: 0.
num_space_committed: 32.
num_space_uncommitted: 0.
num_chunks_returned_to_freelist: 0.
num_chunks_taken_from_freelist: 61.
num_chunk_merges: 0.
num_chunk_splits: 37.
num_chunks_enlarged: 24.
num_inconsistent_stats: 0.

CodeHeap 'non-profiled nmethods': size=120000Kb used=196Kb max_used=196Kb free=119804Kb
 bounds [0x0000026f65390000, 0x0000026f65600000, 0x0000026f6c8c0000]
CodeHeap 'profiled nmethods': size=120000Kb used=971Kb max_used=971Kb free=119028Kb
 bounds [0x0000026f5d8c0000, 0x0000026f5db30000, 0x0000026f64df0000]
CodeHeap 'non-nmethods': size=5760Kb used=1133Kb max_used=1147Kb free=4627Kb
 bounds [0x0000026f64df0000, 0x0000026f65060000, 0x0000026f65390000]
 total_blobs=989 nmethods=573 adapters=329
 compilation: enabled
              stopped_count=0, restarted_count=0
 full_count=0

Compilation events (20 events):
Event: 0.601 Thread 0x0000026f7868b230 nmethod 555 0x0000026f653bee90 code [0x0000026f653bf040, 0x0000026f653bf728]
Event: 0.601 Thread 0x0000026f7868b230  563       4       java.io.WinNTFileSystem::normalize (143 bytes)
Event: 0.601 Thread 0x0000026f73c71620 nmethod 564 0x0000026f5d9a9e90 code [0x0000026f5d9aa1c0, 0x0000026f5d9ab718]
Event: 0.601 Thread 0x0000026f73c71620  565       3       java.lang.ClassLoader::getClassLoadingLock (35 bytes)
Event: 0.602 Thread 0x0000026f73c71620 nmethod 565 0x0000026f5d9abf90 code [0x0000026f5d9ac140, 0x0000026f5d9ac428]
Event: 0.602 Thread 0x0000026f73c71620  566       3       jdk.internal.loader.BuiltinClassLoader::loadClassOrNull (7 bytes)
Event: 0.602 Thread 0x0000026f73c71620 nmethod 566 0x0000026f5d9ac590 code [0x0000026f5d9ac740, 0x0000026f5d9ac908]
Event: 0.605 Thread 0x0000026f73c71620  568       3       sun.net.util.URLUtil::urlNoFragString (114 bytes)
Event: 0.607 Thread 0x0000026f73c71620 nmethod 568 0x0000026f5d9ac990 code [0x0000026f5d9accc0, 0x0000026f5d9adcf8]
Event: 0.607 Thread 0x0000026f73c71620  569       3       java.lang.invoke.LambdaForm$BasicType::basicType (19 bytes)
Event: 0.607 Thread 0x0000026f73c71620 nmethod 569 0x0000026f5d9ae290 code [0x0000026f5d9ae460, 0x0000026f5d9ae6b8]
Event: 0.608 Thread 0x0000026f73c11250 nmethod 559 0x0000026f653bfb10 code [0x0000026f653bfca0, 0x0000026f653c00e8]
Event: 0.608 Thread 0x0000026f73c11250  567       4       java.lang.StringLatin1::replace (198 bytes)
Event: 0.610 Thread 0x0000026f73c71620  571       3       java.util.zip.ZipFile::getZipEntry (322 bytes)
Event: 0.613 Thread 0x0000026f73c71620 nmethod 571 0x0000026f5d9ae810 code [0x0000026f5d9aec80, 0x0000026f5d9b1318]
Event: 0.613 Thread 0x0000026f73c71620  572       3       java.util.LinkedHashMap::get (29 bytes)
Event: 0.613 Thread 0x0000026f73c71620 nmethod 572 0x0000026f5d9b2190 code [0x0000026f5d9b2340, 0x0000026f5d9b2598]
Event: 0.613 Thread 0x0000026f73c71620  573       3       java.lang.String::getChars (54 bytes)
Event: 0.614 Thread 0x0000026f73c71620 nmethod 573 0x0000026f5d9b2690 code [0x0000026f5d9b2880, 0x0000026f5d9b2cf8]
Event: 0.615 Thread 0x0000026f73c71620  574       3       java.net.URLStreamHandler::parseURL (1201 bytes)

GC Heap History (2 events):
Event: 0.575 GC heap before
{Heap before GC invocations=0 (full 0):
 garbage-first heap   total 122880K, used 14336K [0x0000000088400000, 0x0000000100000000)
  region size 1024K, 13 young (13312K), 0 survivors (0K)
 Metaspace       used 1154K, committed 1216K, reserved 1114112K
  class space    used 109K, committed 128K, reserved 1048576K
}
Event: 0.581 GC heap after
{Heap after GC invocations=1 (full 0):
 garbage-first heap   total 122880K, used 9312K [0x0000000088400000, 0x0000000100000000)
  region size 1024K, 2 young (2048K), 2 survivors (2048K)
 Metaspace       used 1154K, committed 1216K, reserved 1114112K
  class space    used 109K, committed 128K, reserved 1048576K
}

Deoptimization events (20 events):
Event: 0.469 Thread 0x0000026f5485b110 Uncommon trap: trap_request=0xffffff45 fr.pc=0x0000026f6539e850 relative=0x00000000000001d0
Event: 0.469 Thread 0x0000026f5485b110 Uncommon trap: reason=unstable_if action=reinterpret pc=0x0000026f6539e850 method=java.lang.String.hashCode()I @ 20 c2
Event: 0.469 Thread 0x0000026f5485b110 DEOPT PACKING pc=0x0000026f6539e850 sp=0x000000cba15fc540
Event: 0.469 Thread 0x0000026f5485b110 DEOPT UNPACKING pc=0x0000026f64e423a3 sp=0x000000cba15fc4d0 mode 2
Event: 0.470 Thread 0x0000026f5485b110 DEOPT PACKING pc=0x0000026f5d8fa5d6 sp=0x000000cba15fc4d0
Event: 0.470 Thread 0x0000026f5485b110 DEOPT UNPACKING pc=0x0000026f64e42b43 sp=0x000000cba15fb970 mode 0
Event: 0.474 Thread 0x0000026f5485b110 DEOPT PACKING pc=0x0000026f5d8fa5d6 sp=0x000000cba15fc540
Event: 0.474 Thread 0x0000026f5485b110 DEOPT UNPACKING pc=0x0000026f64e42b43 sp=0x000000cba15fb9e0 mode 0
Event: 0.487 Thread 0x0000026f5485b110 Uncommon trap: trap_request=0xffffff45 fr.pc=0x0000026f65399030 relative=0x0000000000000190
Event: 0.487 Thread 0x0000026f5485b110 Uncommon trap: reason=unstable_if action=reinterpret pc=0x0000026f65399030 method=java.util.zip.ZipFile$Source.isMetaName([BII)Z @ 57 c2
Event: 0.487 Thread 0x0000026f5485b110 DEOPT PACKING pc=0x0000026f65399030 sp=0x000000cba15fc750
Event: 0.487 Thread 0x0000026f5485b110 DEOPT UNPACKING pc=0x0000026f64e423a3 sp=0x000000cba15fc6e0 mode 2
Event: 0.501 Thread 0x0000026f5485b110 DEOPT PACKING pc=0x0000026f5d906b34 sp=0x000000cba15fcaa0
Event: 0.501 Thread 0x0000026f5485b110 DEOPT UNPACKING pc=0x0000026f64e42b43 sp=0x000000cba15fbf10 mode 0
Event: 0.510 Thread 0x0000026f5485b110 DEOPT PACKING pc=0x0000026f5d906b34 sp=0x000000cba15fcaa0
Event: 0.510 Thread 0x0000026f5485b110 DEOPT UNPACKING pc=0x0000026f64e42b43 sp=0x000000cba15fbf10 mode 0
Event: 0.512 Thread 0x0000026f5485b110 DEOPT PACKING pc=0x0000026f5d8fb168 sp=0x000000cba15fc8f0
Event: 0.512 Thread 0x0000026f5485b110 DEOPT UNPACKING pc=0x0000026f64e42b43 sp=0x000000cba15fbd80 mode 0
Event: 0.608 Thread 0x0000026f5485b110 DEOPT PACKING pc=0x0000026f5d8cebe5 sp=0x000000cba15f7e90
Event: 0.608 Thread 0x0000026f5485b110 DEOPT UNPACKING pc=0x0000026f64e42b43 sp=0x000000cba15f72e0 mode 0

Classes unloaded (0 events):
No events

Classes redefined (0 events):
No events

Internal exceptions (5 events):
Event: 0.537 Thread 0x0000026f5485b110 Exception <a 'java/lang/NoSuchMethodError'{0x000000008ef72ee8}: 'int java.lang.invoke.DirectMethodHandle$Holder.invokeStaticInit(java.lang.Object, java.lang.Object)'> (0x000000008ef72ee8) 
thrown [s\open\src\hotspot\share\interpreter\linkResolver.cpp, line 759]
Event: 0.560 Thread 0x0000026f5485b110 Exception <a 'java/lang/NoSuchMethodError'{0x000000008efe7438}: 'java.lang.Object java.lang.invoke.DirectMethodHandle$Holder.invokeStaticInit(java.lang.Object)'> (0x000000008efe7438) 
thrown [s\open\src\hotspot\share\interpreter\linkResolver.cpp, line 759]
Event: 0.567 Thread 0x0000026f5485b110 Exception <a 'java/lang/NoSuchMethodError'{0x000000008eff72f0}: 'void java.lang.invoke.DirectMethodHandle$Holder.invokeStatic(java.lang.Object, java.lang.Object)'> (0x000000008eff72f0) 
thrown [s\open\src\hotspot\share\interpreter\linkResolver.cpp, line 759]
Event: 0.583 Thread 0x0000026f5485b110 Exception <a 'java/net/SocketException'{0x000000008fb02468}: Socket is not connected: shutdown> (0x000000008fb02468) 
thrown [s\open\src\hotspot\share\prims\jni.cpp, line 535]
Event: 0.583 Thread 0x0000026f5485b110 Exception <a 'java/net/SocketException'{0x000000008fb02ae0}: Socket is not connected: shutdown> (0x000000008fb02ae0) 
thrown [s\open\src\hotspot\share\prims\jni.cpp, line 535]

VM Operations (8 events):
Event: 0.305 Executing VM operation: HandshakeAllThreads
Event: 0.305 Executing VM operation: HandshakeAllThreads done
Event: 0.565 Executing VM operation: HandshakeAllThreads
Event: 0.565 Executing VM operation: HandshakeAllThreads done
Event: 0.574 Executing VM operation: G1CollectForAllocation
Event: 0.581 Executing VM operation: G1CollectForAllocation done
Event: 0.589 Executing VM operation: HandshakeAllThreads
Event: 0.589 Executing VM operation: HandshakeAllThreads done

Events (20 events):
Event: 0.587 loading class java/util/concurrent/BlockingQueue done
Event: 0.587 loading class java/util/AbstractQueue
Event: 0.587 loading class java/util/AbstractQueue done
Event: 0.587 loading class java/util/concurrent/LinkedBlockingQueue done
Event: 0.587 loading class java/util/concurrent/locks/AbstractQueuedSynchronizer$ConditionObject
Event: 0.587 loading class java/util/concurrent/locks/Condition
Event: 0.587 loading class java/util/concurrent/locks/Condition done
Event: 0.587 loading class java/util/concurrent/locks/AbstractQueuedSynchronizer$ConditionObject done
Event: 0.587 loading class java/util/concurrent/LinkedBlockingQueue$Node
Event: 0.587 loading class java/util/concurrent/LinkedBlockingQueue$Node done
Event: 0.588 loading class java/net/URL$2
Event: 0.588 loading class java/net/URL$2 done
Event: 0.588 loading class java/net/URL$1
Event: 0.588 loading class java/net/URL$1 done
Event: 0.588 loading class java/net/spi/URLStreamHandlerProvider
Event: 0.588 loading class java/net/spi/URLStreamHandlerProvider done
Event: 0.589 loading class sun/net/www/protocol/http/Handler
Event: 0.589 loading class sun/net/www/protocol/http/Handler done
Event: 0.590 loading class java/lang/IllegalStateException
Event: 0.590 loading class java/lang/IllegalStateException done


Dynamic libraries:
0x00007ff72ee10000 - 0x00007ff72ee20000 	C:\Program Files\Java\jdk-17\bin\javaw.exe
0x00007ff836610000 - 0x00007ff836808000 	C:\Windows\SYSTEM32\ntdll.dll
0x00007ff835640000 - 0x00007ff8356fd000 	C:\Windows\System32\KERNEL32.DLL
0x00007ff833ee0000 - 0x00007ff8341d6000 	C:\Windows\System32\KERNELBASE.dll
0x00007ff8343a0000 - 0x00007ff8344a0000 	C:\Windows\System32\ucrtbase.dll
0x00007ff82ae50000 - 0x00007ff82ae69000 	C:\Program Files\Java\jdk-17\bin\jli.dll
0x00007ff834dd0000 - 0x00007ff834e7f000 	C:\Windows\System32\ADVAPI32.dll
0x00007ff834670000 - 0x00007ff83470e000 	C:\Windows\System32\msvcrt.dll
0x00007ff8362b0000 - 0x00007ff83634c000 	C:\Windows\System32\sechost.dll
0x00007ff834f50000 - 0x00007ff835076000 	C:\Windows\System32\RPCRT4.dll
0x00007ff835760000 - 0x00007ff8358fe000 	C:\Windows\System32\USER32.dll
0x00007ff834300000 - 0x00007ff834322000 	C:\Windows\System32\win32u.dll
0x00007ff835900000 - 0x00007ff83592c000 	C:\Windows\System32\GDI32.dll
0x00007ff8341e0000 - 0x00007ff8342fa000 	C:\Windows\System32\gdi32full.dll
0x00007ff8345a0000 - 0x00007ff83463d000 	C:\Windows\System32\msvcp_win.dll
0x00007ff82ae70000 - 0x00007ff82ae8b000 	C:\Program Files\Java\jdk-17\bin\VCRUNTIME140.dll
0x00007ff8238b0000 - 0x00007ff823b4a000 	C:\Windows\WinSxS\amd64_microsoft.windows.common-controls_6595b64144ccf1df_6.0.19041.3636_none_60b6a03d71f818d5\COMCTL32.dll
0x00007ff829e50000 - 0x00007ff829e5a000 	C:\Windows\SYSTEM32\VERSION.dll
0x00007ff8359f0000 - 0x00007ff835a20000 	C:\Windows\System32\IMM32.DLL
0x00007ff82bed0000 - 0x00007ff82bedc000 	C:\Program Files\Java\jdk-17\bin\vcruntime140_1.dll
0x00007ff8250b0000 - 0x00007ff82513e000 	C:\Program Files\Java\jdk-17\bin\msvcp140.dll
0x00007fffe2c20000 - 0x00007fffe3801000 	C:\Program Files\Java\jdk-17\bin\server\jvm.dll
0x00007ff834c50000 - 0x00007ff834c58000 	C:\Windows\System32\PSAPI.DLL
0x00007ff81e9d0000 - 0x00007ff81e9d9000 	C:\Windows\SYSTEM32\WSOCK32.dll
0x00007ff836350000 - 0x00007ff8363bb000 	C:\Windows\System32\WS2_32.dll
0x00007ff8203b0000 - 0x00007ff8203d7000 	C:\Windows\SYSTEM32\WINMM.dll
0x00007ff832540000 - 0x00007ff832552000 	C:\Windows\SYSTEM32\kernel.appcore.dll
0x00007ff8250a0000 - 0x00007ff8250aa000 	C:\Program Files\Java\jdk-17\bin\jimage.dll
0x00007ff832250000 - 0x00007ff832434000 	C:\Windows\SYSTEM32\DBGHELP.DLL
0x00007ff814940000 - 0x00007ff814974000 	C:\Windows\SYSTEM32\dbgcore.DLL
0x00007ff833e50000 - 0x00007ff833ed2000 	C:\Windows\System32\bcryptPrimitives.dll
0x00007ff824660000 - 0x00007ff824685000 	C:\Program Files\Java\jdk-17\bin\java.dll
0x00007ff823f00000 - 0x00007ff823fd7000 	C:\Program Files\Java\jdk-17\bin\jsvml.dll
0x00007ff835b60000 - 0x00007ff8362a5000 	C:\Windows\System32\SHELL32.dll
0x00007ff8319e0000 - 0x00007ff83217b000 	C:\Windows\SYSTEM32\windows.storage.dll
0x00007ff8352e0000 - 0x00007ff835634000 	C:\Windows\System32\combase.dll
0x00007ff833660000 - 0x00007ff83368d000 	C:\Windows\SYSTEM32\Wldp.dll
0x00007ff834710000 - 0x00007ff8347bd000 	C:\Windows\System32\SHCORE.dll
0x00007ff835990000 - 0x00007ff8359e5000 	C:\Windows\System32\shlwapi.dll
0x00007ff833c20000 - 0x00007ff833c45000 	C:\Windows\SYSTEM32\profapi.dll
0x00007ff824f10000 - 0x00007ff824f29000 	C:\Program Files\Java\jdk-17\bin\net.dll
0x00007ff821b70000 - 0x00007ff821c7a000 	C:\Windows\SYSTEM32\WINHTTP.dll
0x00007ff8333c0000 - 0x00007ff83342a000 	C:\Windows\system32\mswsock.dll
0x00007ff823ee0000 - 0x00007ff823ef6000 	C:\Program Files\Java\jdk-17\bin\nio.dll
0x00007ff823ec0000 - 0x00007ff823ed8000 	C:\Program Files\Java\jdk-17\bin\zip.dll
0x00007ff8330f0000 - 0x00007ff8331ba000 	C:\Windows\SYSTEM32\DNSAPI.dll
0x00007ff8330b0000 - 0x00007ff8330eb000 	C:\Windows\SYSTEM32\IPHLPAPI.DLL
0x00007ff834c60000 - 0x00007ff834c68000 	C:\Windows\System32\NSI.dll
0x00007ff81fb70000 - 0x00007ff81fb7a000 	C:\Windows\System32\rasadhlp.dll
0x00007ff81fd00000 - 0x00007ff81fd80000 	C:\Windows\System32\fwpuclnt.dll
0x00007ff834640000 - 0x00007ff834667000 	C:\Windows\System32\bcrypt.dll

dbghelp: loaded successfully - version: 4.0.5 - missing functions: none
symbol engine: initialized successfully - sym options: 0x614 - pdb path: .;C:\Program Files\Java\jdk-17\bin;C:\Windows\SYSTEM32;C:\Windows\WinSxS\amd64_microsoft.windows.common-controls_6595b64144ccf1df_6.0.19041.3636_none_60b6a03d71f818d5;C:\Program Files\Java\jdk-17\bin\server

VM Arguments:
jvm_args: -Dfile.encoding=UTF-8 -Dstdout.encoding=UTF-8 -Dstderr.encoding=UTF-8 -XX:+ShowCodeDetailsInExceptionMessages 
java_command: spiceJetClass
java_class_path (initial): C:\Users\DELL\eclipse-workspace\Demo\target\classes;C:\Users\DELL\Downloads\eclipse-java-2023-09-R-win32-x86_64\eclipse\plugins\org.testng_7.4.0.r202105021533.jar;C:\Users\DELL\Downloads\eclipse-java-2023-09-R-win32-x86_64\eclipse\plugins\com.beust.jcommander_1.78.0.jar;C:\Users\DELL\Downloads\eclipse-java-2023-09-R-win32-x86_64\eclipse\plugins\org.apache-extras.beanshell.bsh_2.0.0.b6.jar;C:\Users\DELL\Downloads\eclipse-java-2023-09-R-win32-x86_64\eclipse\plugins\org.yaml.snakeyaml_1.21.0.jar;C:\Users\DELL\Downloads\eclipse-java-2023-09-R-win32-x86_64\eclipse\plugins\org.webjars.jquery_3.5.1.jar;C:\Users\DELL\.m2\repository\io\github\bonigarcia\webdrivermanager\5.6.2\webdrivermanager-5.6.2.jar;C:\Users\DELL\.m2\repository\org\slf4j\slf4j-api\2.0.9\slf4j-api-2.0.9.jar;C:\Users\DELL\.m2\repository\com\google\code\gson\gson\2.10.1\gson-2.10.1.jar;C:\Users\DELL\.m2\repository\com\github\docker-java\docker-java\3.3.4\docker-java-3.3.4.jar;C:\Users\DELL\.m2\repository\com\github\docker-java\docker-java-core\3.3.4\docker-java-core-3.3.4.jar;C:\Users\DELL\.m2\repository\com\github\docker-java\docker-java-api\3.3.4\docker-java-api-3.3.4.jar;C:\Users\DELL\.m2\repository\com\fasterxml\jackson\core\jackson-annotations\2.10.3\jackson-annotations-2.10.3.jar;C:\Users\DELL\.m2\repository\commons-io\commons-io\2.13.0\commons-io-2.13.0.jar;C:\Users\DELL\.m2\repository\com\fasterxml\jackson\core\jackson-databind\2.10.3\jackson-databind-2.10.3.jar;C:\Users\DELL\.m2\repository\com\fasterxml\jackson\core\jackson-core\2.10.3\jackson-core-2.10.3.jar;C:\Users\DELL\.m2\repository\org\bouncycastle\bcpkix-jdk18on\1.76\bcpkix-jdk18on-1.76.jar;C:\Users\DELL\.m2\repository\org\bouncycastle\bcprov-jdk18on\1.76\bcprov-jdk18on-1.76.jar;C:\Users\DELL\.m2\repository\org\bouncycastle\bcutil-jdk18on\1.76\bcutil-jdk18on-1.76.jar;C:\Users\DELL\.m2\repository\org\slf4j\jcl-over-slf4j\1.7.30\jcl-over-slf4j-1.7.30.jar;C:\Users\DELL\.m2\repository\com\github\docker-java\docker-jav
Launcher Type: SUN_STANDARD

[Global flags]
     intx CICompilerCount                          = 3                                         {product} {ergonomic}
     uint ConcGCThreads                            = 1                                         {product} {ergonomic}
     uint G1ConcRefinementThreads                  = 4                                         {product} {ergonomic}
   size_t G1HeapRegionSize                         = 1048576                                   {product} {ergonomic}
    uintx GCDrainStackTargetSize                   = 64                                        {product} {ergonomic}
   size_t InitialHeapSize                          = 125829120                                 {product} {ergonomic}
   size_t MarkStackSize                            = 4194304                                   {product} {ergonomic}
   size_t MaxHeapSize                              = 2009071616                                {product} {ergonomic}
   size_t MaxNewSize                               = 1204813824                                {product} {ergonomic}
   size_t MinHeapDeltaBytes                        = 1048576                                   {product} {ergonomic}
   size_t MinHeapSize                              = 8388608                                   {product} {ergonomic}
    uintx NonNMethodCodeHeapSize                   = 5832780                                {pd product} {ergonomic}
    uintx NonProfiledCodeHeapSize                  = 122912730                              {pd product} {ergonomic}
    uintx ProfiledCodeHeapSize                     = 122912730                              {pd product} {ergonomic}
    uintx ReservedCodeCacheSize                    = 251658240                              {pd product} {ergonomic}
     bool SegmentedCodeCache                       = true                                      {product} {ergonomic}
     bool ShowCodeDetailsInExceptionMessages       = true                                   {manageable} {command line}
   size_t SoftMaxHeapSize                          = 2009071616                             {manageable} {ergonomic}
     bool UseCompressedClassPointers               = true                           {product lp64_product} {ergonomic}
     bool UseCompressedOops                        = true                           {product lp64_product} {ergonomic}
     bool UseG1GC                                  = true                                      {product} {ergonomic}
     bool UseLargePagesIndividualAllocation        = false                                  {pd product} {ergonomic}

Logging:
Log output configuration:
 #0: stdout all=warning uptime,level,tags
 #1: stderr all=off uptime,level,tags

Environment Variables:
JAVA_HOME=C:\Program Files\Java\jdk-17
PATH=C:/Users/DELL/Downloads/eclipse-java-2023-09-R-win32-x86_64/eclipse//plugins/org.eclipse.justj.openjdk.hotspot.jre.full.win32.x86_64_17.0.9.v20231028-0858/jre/bin/server;C:/Users/DELL/Downloads/eclipse-java-2023-09-R-win32-x86_64/eclipse//plugins/org.eclipse.justj.openjdk.hotspot.jre.full.win32.x86_64_17.0.9.v20231028-0858/jre/bin;C:\Program Files\Common Files\Oracle\Java\javapath;C:\Windows\system32;C:\Windows;C:\Windows\System32\Wbem;C:\Windows\System32\WindowsPowerShell\v1.0\;C:\Windows\System32\OpenSSH\;C:\Users\DELL\Desktop\apache-maven-3.9.5-bin\apache-maven-3.9.5\bin;D:\apache-maven-3.9.6\bin;C:\Users\DELL\Downloads\allure-2.25.0\allure-2.25.0;C:\Users\DELL\Downloads\allure-2.25.0\allure-2.25.0\bin;C:\Users\DELL\AppData\Local\Microsoft\WindowsApps;C:\Users\DELL\Downloads\allure-2.25.0\allure-2.25.0;C:\Users\DELL\Downloads\allure-2.25.0\allure-2.25.0\bin;;C:\Users\DELL\Downloads\eclipse-java-2023-09-R-win32-x86_64\eclipse;
USERNAME=DELL
OS=Windows_NT
PROCESSOR_IDENTIFIER=Intel64 Family 6 Model 142 Stepping 9, GenuineIntel



---------------  S Y S T E M  ---------------

OS:
 Windows 10 , 64 bit Build 19041 (10.0.19041.3636)
OS uptime: 7 days 17:01 hours

CPU: total 4 (initial active 4) (2 cores per cpu, 2 threads per core) family 6 model 142 stepping 9 microcode 0xd6, cx8, cmov, fxsr, ht, mmx, 3dnowpref, sse, sse2, sse3, ssse3, sse4.1, sse4.2, popcnt, lzcnt, tsc, tscinvbit, avx, avx2, aes, erms, clmul, bmi1, bmi2, adx, fma, vzeroupper, clflush, clflushopt

Memory: 4k page, system-wide physical 7663M (788M free)
TotalPageFile size 20091M (AvailPageFile size 2M)
current process WorkingSet (physical memory assigned to process): 70M, peak: 70M
current process commit charge ("private bytes"): 207M, peak: 207M

vm_info: Java HotSpot(TM) 64-Bit Server VM (17.0.9+11-LTS-201) for windows-amd64 JRE (17.0.9+11-LTS-201), built on Oct 10 2023 23:16:06 by "mach5one" with MS VC++ 17.1 (VS2022)

END.
