#
# There is insufficient memory for the Java Runtime Environment to continue.
# Native memory allocation (mmap) failed to map 125829120 bytes for G1 virtual space
# Possible reasons:
#   The system is out of physical RAM or swap space
#   The process is running with CompressedOops enabled, and the Java Heap may be blocking the growth of the native heap
# Possible solutions:
#   Reduce memory load on the system
#   Increase physical memory or swap space
#   Check if swap backing store is full
#   Decrease Java heap size (-Xmx/-Xms)
#   Decrease number of Java threads
#   Decrease Java thread stack sizes (-Xss)
#   Set larger code cache with -XX:ReservedCodeCacheSize=
#   JVM is running with Unscaled Compressed Oops mode in which the Java heap is
#     placed in the first 4GB address space. The Java Heap base address is the
#     maximum limit for the native heap growth. Please use -XX:HeapBaseMinAddress
#     to set the Java Heap base and to place the Java Heap above 4GB virtual address.
# This output file may be truncated or incomplete.
#
#  Out of Memory Error (os_windows.cpp:3552), pid=7292, tid=45992
#
# JRE version:  (17.0.9+11) (build )
# Java VM: Java HotSpot(TM) 64-Bit Server VM (17.0.9+11-LTS-201, mixed mode, sharing, tiered, compressed oops, compressed class ptrs, g1 gc, windows-amd64)
# No core dump will be written. Minidumps are not enabled by default on client versions of Windows
#

---------------  S U M M A R Y ------------

Command Line: -Dfile.encoding=UTF-8 -Dstdout.encoding=UTF-8 -Dstderr.encoding=UTF-8 -XX:+ShowCodeDetailsInExceptionMessages passPort.Demo.iphone

Host: Intel(R) Core(TM) i5-7200U CPU @ 2.50GHz, 4 cores, 7G,  Windows 10 , 64 bit Build 19041 (10.0.19041.3636)
Time: Tue Apr 30 15:19:05 2024 India Standard Time elapsed time: 0.027647 seconds (0d 0h 0m 0s)

---------------  T H R E A D  ---------------

Current thread (0x0000027dbe933980):  JavaThread "Unknown thread" [_thread_in_vm, id=45992, stack(0x0000008f06500000,0x0000008f06600000)]

Stack: [0x0000008f06500000,0x0000008f06600000]
Native frames: (J=compiled Java code, j=interpreted, Vv=VM code, C=native code)
V  [jvm.dll+0x678a4a]
V  [jvm.dll+0x7d9cfd]
V  [jvm.dll+0x7db60e]
V  [jvm.dll+0x7dbc73]
V  [jvm.dll+0x245e1f]
V  [jvm.dll+0x6758f9]
V  [jvm.dll+0x66a2a2]
V  [jvm.dll+0x303686]
V  [jvm.dll+0x30ac06]
V  [jvm.dll+0x35a48e]
V  [jvm.dll+0x35a6bf]
V  [jvm.dll+0x2da678]
V  [jvm.dll+0x2db5e4]
V  [jvm.dll+0x7ab6b1]
V  [jvm.dll+0x368041]
V  [jvm.dll+0x78a749]
V  [jvm.dll+0x3ebd4f]
V  [jvm.dll+0x3ed7d1]
C  [jli.dll+0x5297]
C  [ucrtbase.dll+0x21bb2]
C  [KERNEL32.DLL+0x17344]
C  [ntdll.dll+0x526b1]


---------------  P R O C E S S  ---------------

Threads class SMR info:
_java_thread_list=0x00007ffc91bb89d8, length=0, elements={
}

Java Threads: ( => current thread )

Other Threads:
  0x0000027dbe988d30 GCTaskThread "GC Thread#0" [stack: 0x0000008f06600000,0x0000008f06700000] [id=42040]
  0x0000027dbe99a6c0 ConcurrentGCThread "G1 Main Marker" [stack: 0x0000008f06700000,0x0000008f06800000] [id=21432]
  0x0000027dbe99bff0 ConcurrentGCThread "G1 Conc#0" [stack: 0x0000008f06800000,0x0000008f06900000] [id=28568]

[error occurred during error reporting (printing all threads), id 0xc0000005, EXCEPTION_ACCESS_VIOLATION (0xc0000005) at pc=0x00007ffc913eb2d7]

VM state: not at safepoint (not fully initialized)

VM Mutex/Monitor currently owned by a thread:  ([mutex/lock_event])
[0x0000027dbe930940] Heap_lock - owner thread: 0x0000027dbe933980

Heap address: 0x0000000088400000, size: 1916 MB, Compressed Oops mode: 32-bit

CDS archive(s) mapped at: [0x0000000000000000-0x0000000000000000-0x0000000000000000), size 0, SharedBaseAddress: 0x0000000800000000, ArchiveRelocationMode: 1.
Narrow klass base: 0x0000000000000000, Narrow klass shift: 0, Narrow klass range: 0x0

GC Precious Log:
<Empty>

Heap:
 garbage-first heap   total 0K, used 0K [0x0000000088400000, 0x0000000100000000)
  region size 1024K, 0 young (0K), 0 survivors (0K)

[error occurred during error reporting (printing heap information), id 0xc0000005, EXCEPTION_ACCESS_VIOLATION (0xc0000005) at pc=0x00007ffc917d2229]

GC Heap History (0 events):
No events

Deoptimization events (0 events):
No events

Classes unloaded (0 events):
No events

Classes redefined (0 events):
No events

Internal exceptions (0 events):
No events

VM Operations (0 events):
No events

Events (1 events):
Event: 0.012 Loaded shared library C:\Program Files\Java\jdk-17\bin\java.dll


Dynamic libraries:
0x00007ff7dca00000 - 0x00007ff7dca10000 	C:\Program Files\Java\jdk-17\bin\javaw.exe
0x00007ffcdc4d0000 - 0x00007ffcdc6c8000 	C:\Windows\SYSTEM32\ntdll.dll
0x00007ffcdb5b0000 - 0x00007ffcdb66d000 	C:\Windows\System32\KERNEL32.DLL
0x00007ffcda090000 - 0x00007ffcda386000 	C:\Windows\System32\KERNELBASE.dll
0x00007ffcd9e30000 - 0x00007ffcd9f30000 	C:\Windows\System32\ucrtbase.dll
0x00007ffcca800000 - 0x00007ffcca81b000 	C:\Program Files\Java\jdk-17\bin\VCRUNTIME140.dll
0x00007ffccf850000 - 0x00007ffccf869000 	C:\Program Files\Java\jdk-17\bin\jli.dll
0x00007ffcdc3e0000 - 0x00007ffcdc490000 	C:\Windows\System32\ADVAPI32.dll
0x00007ffcdbff0000 - 0x00007ffcdc08e000 	C:\Windows\System32\msvcrt.dll
0x00007ffcda500000 - 0x00007ffcda5a0000 	C:\Windows\System32\sechost.dll
0x00007ffcdbd90000 - 0x00007ffcdbeb5000 	C:\Windows\System32\RPCRT4.dll
0x00007ffcd9c50000 - 0x00007ffcd9c77000 	C:\Windows\System32\bcrypt.dll
0x00007ffcdba30000 - 0x00007ffcdbbce000 	C:\Windows\System32\USER32.dll
0x00007ffcd9c20000 - 0x00007ffcd9c42000 	C:\Windows\System32\win32u.dll
0x00007ffcda5a0000 - 0x00007ffcda5cb000 	C:\Windows\System32\GDI32.dll
0x00007ffcd9c80000 - 0x00007ffcd9d97000 	C:\Windows\System32\gdi32full.dll
0x00007ffcd9b80000 - 0x00007ffcd9c1d000 	C:\Windows\System32\msvcp_win.dll
0x00007ffcc45b0000 - 0x00007ffcc484a000 	C:\Windows\WinSxS\amd64_microsoft.windows.common-controls_6595b64144ccf1df_6.0.19041.3636_none_60b6a03d71f818d5\COMCTL32.dll
0x00007ffcd0980000 - 0x00007ffcd098a000 	C:\Windows\SYSTEM32\VERSION.dll
0x00007ffcdb4c0000 - 0x00007ffcdb4f2000 	C:\Windows\System32\IMM32.DLL
0x00007ffcd1a40000 - 0x00007ffcd1a4c000 	C:\Program Files\Java\jdk-17\bin\vcruntime140_1.dll
0x00007ffcb4260000 - 0x00007ffcb42ee000 	C:\Program Files\Java\jdk-17\bin\msvcp140.dll
0x00007ffc91100000 - 0x00007ffc91ce1000 	C:\Program Files\Java\jdk-17\bin\server\jvm.dll
0x00007ffcdb4a0000 - 0x00007ffcdb4a8000 	C:\Windows\System32\PSAPI.DLL
0x00007ffcc5610000 - 0x00007ffcc5619000 	C:\Windows\SYSTEM32\WSOCK32.dll
0x00007ffcdbc50000 - 0x00007ffcdbcbb000 	C:\Windows\System32\WS2_32.dll
0x00007ffcc08b0000 - 0x00007ffcc08d7000 	C:\Windows\SYSTEM32\WINMM.dll
0x00007ffcd83c0000 - 0x00007ffcd83d2000 	C:\Windows\SYSTEM32\kernel.appcore.dll
0x00007ffcd1600000 - 0x00007ffcd160a000 	C:\Program Files\Java\jdk-17\bin\jimage.dll
0x00007ffcd7920000 - 0x00007ffcd7b04000 	C:\Windows\SYSTEM32\DBGHELP.DLL
0x00007ffcc0f50000 - 0x00007ffcc0f84000 	C:\Windows\SYSTEM32\dbgcore.DLL
0x00007ffcd9da0000 - 0x00007ffcd9e22000 	C:\Windows\System32\bcryptPrimitives.dll
0x00007ffcc5af0000 - 0x00007ffcc5b15000 	C:\Program Files\Java\jdk-17\bin\java.dll

dbghelp: loaded successfully - version: 4.0.5 - missing functions: none
symbol engine: initialized successfully - sym options: 0x614 - pdb path: .;C:\Program Files\Java\jdk-17\bin;C:\Windows\SYSTEM32;C:\Windows\WinSxS\amd64_microsoft.windows.common-controls_6595b64144ccf1df_6.0.19041.3636_none_60b6a03d71f818d5;C:\Program Files\Java\jdk-17\bin\server

VM Arguments:
jvm_args: -Dfile.encoding=UTF-8 -Dstdout.encoding=UTF-8 -Dstderr.encoding=UTF-8 -XX:+ShowCodeDetailsInExceptionMessages 
java_command: passPort.Demo.iphone
java_class_path (initial): C:\Users\DELL\eclipse-workspace\Demo\target\classes;C:\Users\DELL\Downloads\eclipse-java-2023-09-R-win32-x86_64\eclipse\plugins\org.testng_7.4.0.r202105021533.jar;C:\Users\DELL\Downloads\eclipse-java-2023-09-R-win32-x86_64\eclipse\plugins\com.beust.jcommander_1.78.0.jar;C:\Users\DELL\Downloads\eclipse-java-2023-09-R-win32-x86_64\eclipse\plugins\org.apache-extras.beanshell.bsh_2.0.0.b6.jar;C:\Users\DELL\Downloads\eclipse-java-2023-09-R-win32-x86_64\eclipse\plugins\org.yaml.snakeyaml_1.21.0.jar;C:\Users\DELL\Downloads\eclipse-java-2023-09-R-win32-x86_64\eclipse\plugins\org.webjars.jquery_3.5.1.jar;C:\Users\DELL\.m2\repository\io\github\bonigarcia\webdrivermanager\5.6.2\webdrivermanager-5.6.2.jar;C:\Users\DELL\.m2\repository\org\slf4j\slf4j-api\2.0.9\slf4j-api-2.0.9.jar;C:\Users\DELL\.m2\repository\com\google\code\gson\gson\2.10.1\gson-2.10.1.jar;C:\Users\DELL\.m2\repository\com\github\docker-java\docker-java\3.3.4\docker-java-3.3.4.jar;C:\Users\DELL\.m2\repository\com\github\docker-java\docker-java-core\3.3.4\docker-java-core-3.3.4.jar;C:\Users\DELL\.m2\repository\com\github\docker-java\docker-java-api\3.3.4\docker-java-api-3.3.4.jar;C:\Users\DELL\.m2\repository\com\fasterxml\jackson\core\jackson-annotations\2.10.3\jackson-annotations-2.10.3.jar;C:\Users\DELL\.m2\repository\commons-io\commons-io\2.13.0\commons-io-2.13.0.jar;C:\Users\DELL\.m2\repository\com\fasterxml\jackson\core\jackson-databind\2.10.3\jackson-databind-2.10.3.jar;C:\Users\DELL\.m2\repository\com\fasterxml\jackson\core\jackson-core\2.10.3\jackson-core-2.10.3.jar;C:\Users\DELL\.m2\repository\org\bouncycastle\bcpkix-jdk18on\1.76\bcpkix-jdk18on-1.76.jar;C:\Users\DELL\.m2\repository\org\bouncycastle\bcprov-jdk18on\1.76\bcprov-jdk18on-1.76.jar;C:\Users\DELL\.m2\repository\org\bouncycastle\bcutil-jdk18on\1.76\bcutil-jdk18on-1.76.jar;C:\Users\DELL\.m2\repository\org\slf4j\jcl-over-slf4j\1.7.30\jcl-over-slf4j-1.7.30.jar;C:\Users\DELL\.m2\repository\com\github\docker-java\docker-jav
Launcher Type: SUN_STANDARD

[Global flags]
     intx CICompilerCount                          = 3                                         {product} {ergonomic}
     uint ConcGCThreads                            = 1                                         {product} {ergonomic}
     uint G1ConcRefinementThreads                  = 4                                         {product} {ergonomic}
   size_t G1HeapRegionSize                         = 1048576                                   {product} {ergonomic}
    uintx GCDrainStackTargetSize                   = 64                                        {product} {ergonomic}
   size_t InitialHeapSize                          = 125829120                                 {product} {ergonomic}
   size_t MarkStackSize                            = 4194304                                   {product} {ergonomic}
   size_t MaxHeapSize                              = 2009071616                                {product} {ergonomic}
   size_t MinHeapDeltaBytes                        = 1048576                                   {product} {ergonomic}
   size_t MinHeapSize                              = 8388608                                   {product} {ergonomic}
    uintx NonNMethodCodeHeapSize                   = 5832780                                {pd product} {ergonomic}
    uintx NonProfiledCodeHeapSize                  = 122912730                              {pd product} {ergonomic}
    uintx ProfiledCodeHeapSize                     = 122912730                              {pd product} {ergonomic}
    uintx ReservedCodeCacheSize                    = 251658240                              {pd product} {ergonomic}
     bool SegmentedCodeCache                       = true                                      {product} {ergonomic}
     bool ShowCodeDetailsInExceptionMessages       = true                                   {manageable} {command line}
   size_t SoftMaxHeapSize                          = 2009071616                             {manageable} {ergonomic}
     bool UseCompressedClassPointers               = true                           {product lp64_product} {ergonomic}
     bool UseCompressedOops                        = true                           {product lp64_product} {ergonomic}
     bool UseG1GC                                  = true                                      {product} {ergonomic}
     bool UseLargePagesIndividualAllocation        = false                                  {pd product} {ergonomic}

Logging:
Log output configuration:
 #0: stdout all=warning uptime,level,tags
 #1: stderr all=off uptime,level,tags

Environment Variables:
JAVA_HOME=C:\Program Files\Java\jdk-17
PATH=C:/Users/DELL/Downloads/eclipse-java-2023-09-R-win32-x86_64/eclipse//plugins/org.eclipse.justj.openjdk.hotspot.jre.full.win32.x86_64_17.0.9.v20231028-0858/jre/bin/server;C:/Users/DELL/Downloads/eclipse-java-2023-09-R-win32-x86_64/eclipse//plugins/org.eclipse.justj.openjdk.hotspot.jre.full.win32.x86_64_17.0.9.v20231028-0858/jre/bin;C:\Program Files\Common Files\Oracle\Java\javapath;C:\Windows\system32;C:\Windows;C:\Windows\System32\Wbem;C:\Windows\System32\WindowsPowerShell\v1.0\;C:\Windows\System32\OpenSSH\;C:\Users\DELL\Desktop\apache-maven-3.9.5-bin\apache-maven-3.9.5\bin;D:\apache-maven-3.9.6\bin;C:\Users\DELL\Downloads\allure-2.25.0\allure-2.25.0;C:\Users\DELL\Downloads\allure-2.25.0\allure-2.25.0\bin;C:\Program Files\nodejs\;C:\Users\DELL\Downloads\chromedriver_win32 (1);C:\Program Files\MySQL\MySQL Shell 8.0\bin\;C:\Users\DELL\AppData\Local\Microsoft\WindowsApps;C:\Users\DELL\Downloads\allure-2.25.0\allure-2.25.0;C:\Users\DELL\Downloads\allure-2.25.0\allure-2.25.0\bin;C:\Users\DELL\AppData\Roaming\npm;C:\Users\DELL\AppData\Local\JetBrains\IntelliJ IDEA Community Edition 2023.3.4\bin;;C:\Users\DELL\Downloads\eclipse-java-2023-09-R-win32-x86_64\eclipse;
USERNAME=DELL
OS=Windows_NT
PROCESSOR_IDENTIFIER=Intel64 Family 6 Model 142 Stepping 9, GenuineIntel



---------------  S Y S T E M  ---------------

OS:
 Windows 10 , 64 bit Build 19041 (10.0.19041.3636)
OS uptime: 35 days 2:30 hours

CPU: total 4 (initial active 4) (2 cores per cpu, 2 threads per core) family 6 model 142 stepping 9 microcode 0xd6, cx8, cmov, fxsr, ht, mmx, 3dnowpref, sse, sse2, sse3, ssse3, sse4.1, sse4.2, popcnt, lzcnt, tsc, tscinvbit, avx, avx2, aes, erms, clmul, bmi1, bmi2, adx, fma, vzeroupper, clflush, clflushopt

Memory: 4k page, system-wide physical 7663M (408M free)
TotalPageFile size 25688M (AvailPageFile size 44M)
current process WorkingSet (physical memory assigned to process): 10M, peak: 10M
current process commit charge ("private bytes"): 51M, peak: 171M

vm_info: Java HotSpot(TM) 64-Bit Server VM (17.0.9+11-LTS-201) for windows-amd64 JRE (17.0.9+11-LTS-201), built on Oct 10 2023 23:16:06 by "mach5one" with MS VC++ 17.1 (VS2022)

END.
